<?xml version="1.0" encoding="UTF-8"?>
<!-- Generated by org.testng.reporters.JUnitReportReporter -->
<testsuite hostname="Lafiajis-MacBook-Air.local" failures="0" tests="1" name="testcases.OrderTest" time="42.273" errors="0" timestamp="2023-06-09T13:14:57 WAT" skipped="0">
  <testcase classname="testcases.OrderTest" name="placeOrder" time="42.273"/>
  <system-out/>
</testsuite> <!-- testcases.OrderTest -->
